#SampleID	Metaphlan2_Analysis
k__Bacteria	79.77319
k__Archaea	20.22681
k__Bacteria|p__Actinobacteria	29.83886
k__Bacteria|p__Acidobacteria	20.55698
k__Bacteria|p__Proteobacteria	20.52449
k__Archaea|p__Euryarchaeota	17.72125
k__Bacteria|p__Firmicutes	8.85286
k__Archaea|p__Thaumarchaeota	2.50557
k__Bacteria|p__Actinobacteria|c__Actinobacteria	29.83886
k__Bacteria|p__Acidobacteria|c__Acidobacteriia	20.55698
k__Archaea|p__Euryarchaeota|c__Methanomicrobia	17.72125
k__Bacteria|p__Proteobacteria|c__Gammaproteobacteria	10.34326
k__Bacteria|p__Firmicutes|c__Clostridia	8.85286
k__Bacteria|p__Proteobacteria|c__Alphaproteobacteria	4.73113
k__Bacteria|p__Proteobacteria|c__Deltaproteobacteria	3.33603
k__Archaea|p__Thaumarchaeota|c__Thaumarchaeota_noname	2.50557
k__Bacteria|p__Proteobacteria|c__Betaproteobacteria	2.11408
k__Bacteria|p__Acidobacteria|c__Acidobacteriia|o__Acidobacteriales	20.55698
k__Bacteria|p__Actinobacteria|c__Actinobacteria|o__Bifidobacteriales	13.80165
k__Archaea|p__Euryarchaeota|c__Methanomicrobia|o__Methanosarcinales	12.12653
k__Bacteria|p__Actinobacteria|c__Actinobacteria|o__Actinomycetales	11.829
k__Bacteria|p__Firmicutes|c__Clostridia|o__Clostridiales	8.85286
k__Bacteria|p__Proteobacteria|c__Gammaproteobacteria|o__Enterobacteriales	6.3135
k__Archaea|p__Euryarchaeota|c__Methanomicrobia|o__Methanomicrobiales	5.59472
k__Bacteria|p__Proteobacteria|c__Alphaproteobacteria|o__Rhizobiales	4.73113
k__Bacteria|p__Actinobacteria|c__Actinobacteria|o__Solirubrobacterales	4.20821
k__Bacteria|p__Proteobacteria|c__Deltaproteobacteria|o__Myxococcales	3.33603
k__Archaea|p__Thaumarchaeota|c__Thaumarchaeota_noname|o__Nitrosopumilales	2.50557
k__Bacteria|p__Proteobacteria|c__Gammaproteobacteria|o__Xanthomonadales	2.45482
k__Bacteria|p__Proteobacteria|c__Betaproteobacteria|o__Hydrogenophilales	2.11408
k__Bacteria|p__Proteobacteria|c__Gammaproteobacteria|o__Chromatiales	1.57494
k__Bacteria|p__Acidobacteria|c__Acidobacteriia|o__Acidobacteriales|f__Acidobacteriaceae	20.55698
k__Bacteria|p__Actinobacteria|c__Actinobacteria|o__Bifidobacteriales|f__Bifidobacteriaceae	13.80165
k__Archaea|p__Euryarchaeota|c__Methanomicrobia|o__Methanosarcinales|f__Methanosaetaceae	12.12653
k__Bacteria|p__Proteobacteria|c__Gammaproteobacteria|o__Enterobacteriales|f__Enterobacteriaceae	6.3135
k__Archaea|p__Euryarchaeota|c__Methanomicrobia|o__Methanomicrobiales|f__Methanoregulaceae	5.59472
k__Bacteria|p__Actinobacteria|c__Actinobacteria|o__Actinomycetales|f__Nocardioidaceae	5.42176
k__Bacteria|p__Proteobacteria|c__Alphaproteobacteria|o__Rhizobiales|f__Bradyrhizobiaceae	4.40397
k__Bacteria|p__Actinobacteria|c__Actinobacteria|o__Actinomycetales|f__Brevibacteriaceae	4.29659
k__Bacteria|p__Actinobacteria|c__Actinobacteria|o__Solirubrobacterales|f__Solirubrobacterales_unclassified	4.20821
k__Bacteria|p__Firmicutes|c__Clostridia|o__Clostridiales|f__Lachnospiraceae	3.77886
k__Bacteria|p__Firmicutes|c__Clostridia|o__Clostridiales|f__Eubacteriaceae	3.73037
k__Bacteria|p__Proteobacteria|c__Deltaproteobacteria|o__Myxococcales|f__Polyangiaceae	3.33603
k__Archaea|p__Thaumarchaeota|c__Thaumarchaeota_noname|o__Nitrosopumilales|f__Nitrosopumilaceae	2.50557
k__Bacteria|p__Proteobacteria|c__Gammaproteobacteria|o__Xanthomonadales|f__Sinobacteraceae	2.45482
k__Bacteria|p__Proteobacteria|c__Betaproteobacteria|o__Hydrogenophilales|f__Hydrogenophilaceae	2.11408
k__Bacteria|p__Actinobacteria|c__Actinobacteria|o__Actinomycetales|f__Microbacteriaceae	2.11065
k__Bacteria|p__Proteobacteria|c__Gammaproteobacteria|o__Chromatiales|f__Ectothiorhodospiraceae	1.57494
k__Bacteria|p__Firmicutes|c__Clostridia|o__Clostridiales|f__Ruminococcaceae	1.34363
k__Bacteria|p__Proteobacteria|c__Alphaproteobacteria|o__Rhizobiales|f__Hyphomicrobiaceae	0.32716
k__Bacteria|p__Acidobacteria|c__Acidobacteriia|o__Acidobacteriales|f__Acidobacteriaceae|g__Acidobacteriaceae_unclassified	17.20875
k__Bacteria|p__Actinobacteria|c__Actinobacteria|o__Bifidobacteriales|f__Bifidobacteriaceae|g__Bifidobacterium	13.80165
k__Archaea|p__Euryarchaeota|c__Methanomicrobia|o__Methanosarcinales|f__Methanosaetaceae|g__Methanosaeta	12.12653
k__Bacteria|p__Proteobacteria|c__Gammaproteobacteria|o__Enterobacteriales|f__Enterobacteriaceae|g__Escherichia	6.3135
k__Archaea|p__Euryarchaeota|c__Methanomicrobia|o__Methanomicrobiales|f__Methanoregulaceae|g__Methanoregulaceae_unclassified	5.59472
k__Bacteria|p__Actinobacteria|c__Actinobacteria|o__Actinomycetales|f__Nocardioidaceae|g__Nocardioidaceae_noname	5.42176
k__Bacteria|p__Actinobacteria|c__Actinobacteria|o__Actinomycetales|f__Brevibacteriaceae|g__Brevibacterium	4.29659
k__Bacteria|p__Firmicutes|c__Clostridia|o__Clostridiales|f__Eubacteriaceae|g__Eubacterium	3.73037
k__Bacteria|p__Acidobacteria|c__Acidobacteriia|o__Acidobacteriales|f__Acidobacteriaceae|g__Granulicella	3.34823
k__Bacteria|p__Proteobacteria|c__Deltaproteobacteria|o__Myxococcales|f__Polyangiaceae|g__Sorangium	3.33603
k__Bacteria|p__Proteobacteria|c__Alphaproteobacteria|o__Rhizobiales|f__Bradyrhizobiaceae|g__Rhodopseudomonas	3.11877
k__Bacteria|p__Proteobacteria|c__Gammaproteobacteria|o__Xanthomonadales|f__Sinobacteraceae|g__Sinobacteraceae_unclassified	2.45482
k__Bacteria|p__Firmicutes|c__Clostridia|o__Clostridiales|f__Lachnospiraceae|g__Dorea	2.31943
k__Archaea|p__Thaumarchaeota|c__Thaumarchaeota_noname|o__Nitrosopumilales|f__Nitrosopumilaceae|g__Candidatus_Nitrosoarchaeum	2.306
k__Bacteria|p__Proteobacteria|c__Betaproteobacteria|o__Hydrogenophilales|f__Hydrogenophilaceae|g__Hydrogenophilaceae_unclassified	2.11408
k__Bacteria|p__Actinobacteria|c__Actinobacteria|o__Actinomycetales|f__Microbacteriaceae|g__Leifsonia	2.11065
k__Bacteria|p__Proteobacteria|c__Gammaproteobacteria|o__Chromatiales|f__Ectothiorhodospiraceae|g__Thioalkalivibrio	1.57494
k__Bacteria|p__Firmicutes|c__Clostridia|o__Clostridiales|f__Lachnospiraceae|g__Blautia	1.45942
k__Bacteria|p__Proteobacteria|c__Alphaproteobacteria|o__Rhizobiales|f__Bradyrhizobiaceae|g__Nitrobacter	1.2852
k__Bacteria|p__Firmicutes|c__Clostridia|o__Clostridiales|f__Ruminococcaceae|g__Ruminococcus	0.69645
k__Bacteria|p__Firmicutes|c__Clostridia|o__Clostridiales|f__Ruminococcaceae|g__Faecalibacterium	0.64718
k__Bacteria|p__Proteobacteria|c__Alphaproteobacteria|o__Rhizobiales|f__Hyphomicrobiaceae|g__Hyphomicrobium	0.32716
k__Archaea|p__Thaumarchaeota|c__Thaumarchaeota_noname|o__Nitrosopumilales|f__Nitrosopumilaceae|g__Nitrosopumilaceae_unclassified	0.19957
k__Bacteria|p__Actinobacteria|c__Actinobacteria|o__Bifidobacteriales|f__Bifidobacteriaceae|g__Bifidobacterium|s__Bifidobacterium_angulatum	13.80165
k__Archaea|p__Euryarchaeota|c__Methanomicrobia|o__Methanosarcinales|f__Methanosaetaceae|g__Methanosaeta|s__Methanosaeta_concilii	12.12653
k__Bacteria|p__Actinobacteria|c__Actinobacteria|o__Actinomycetales|f__Nocardioidaceae|g__Nocardioidaceae_noname|s__Nocardioidaceae_bacterium_Broad_1	5.42176
k__Bacteria|p__Proteobacteria|c__Gammaproteobacteria|o__Enterobacteriales|f__Enterobacteriaceae|g__Escherichia|s__Escherichia_coli	5.24513
k__Bacteria|p__Actinobacteria|c__Actinobacteria|o__Actinomycetales|f__Brevibacteriaceae|g__Brevibacterium|s__Brevibacterium_unclassified	4.29659
k__Bacteria|p__Firmicutes|c__Clostridia|o__Clostridiales|f__Eubacteriaceae|g__Eubacterium|s__Eubacterium_rectale	3.73037
k__Bacteria|p__Acidobacteria|c__Acidobacteriia|o__Acidobacteriales|f__Acidobacteriaceae|g__Granulicella|s__Granulicella_unclassified	3.34823
k__Bacteria|p__Proteobacteria|c__Deltaproteobacteria|o__Myxococcales|f__Polyangiaceae|g__Sorangium|s__Sorangium_cellulosum	3.33603
k__Bacteria|p__Proteobacteria|c__Alphaproteobacteria|o__Rhizobiales|f__Bradyrhizobiaceae|g__Rhodopseudomonas|s__Rhodopseudomonas_palustris	3.11877
k__Archaea|p__Thaumarchaeota|c__Thaumarchaeota_noname|o__Nitrosopumilales|f__Nitrosopumilaceae|g__Candidatus_Nitrosoarchaeum|s__Candidatus_Nitrosoarchaeum_unclassified	2.306
k__Bacteria|p__Actinobacteria|c__Actinobacteria|o__Actinomycetales|f__Microbacteriaceae|g__Leifsonia|s__Leifsonia_unclassified	2.11065
k__Bacteria|p__Firmicutes|c__Clostridia|o__Clostridiales|f__Lachnospiraceae|g__Dorea|s__Dorea_unclassified	1.94081
k__Bacteria|p__Proteobacteria|c__Gammaproteobacteria|o__Chromatiales|f__Ectothiorhodospiraceae|g__Thioalkalivibrio|s__Thioalkalivibrio_unclassified	1.57494
k__Bacteria|p__Firmicutes|c__Clostridia|o__Clostridiales|f__Lachnospiraceae|g__Blautia|s__Ruminococcus_obeum	1.45942
k__Bacteria|p__Proteobacteria|c__Alphaproteobacteria|o__Rhizobiales|f__Bradyrhizobiaceae|g__Nitrobacter|s__Nitrobacter_unclassified	1.2852
k__Bacteria|p__Proteobacteria|c__Gammaproteobacteria|o__Enterobacteriales|f__Enterobacteriaceae|g__Escherichia|s__Escherichia_unclassified	1.06837
k__Bacteria|p__Firmicutes|c__Clostridia|o__Clostridiales|f__Ruminococcaceae|g__Ruminococcus|s__Ruminococcus_bromii	0.69645
k__Bacteria|p__Firmicutes|c__Clostridia|o__Clostridiales|f__Ruminococcaceae|g__Faecalibacterium|s__Faecalibacterium_prausnitzii	0.64718
k__Bacteria|p__Firmicutes|c__Clostridia|o__Clostridiales|f__Lachnospiraceae|g__Dorea|s__Dorea_longicatena	0.37862
k__Bacteria|p__Proteobacteria|c__Alphaproteobacteria|o__Rhizobiales|f__Hyphomicrobiaceae|g__Hyphomicrobium|s__Hyphomicrobium_unclassified	0.32716
k__Bacteria|p__Actinobacteria|c__Actinobacteria|o__Bifidobacteriales|f__Bifidobacteriaceae|g__Bifidobacterium|s__Bifidobacterium_angulatum|t__GCF_000156635	13.80165
k__Archaea|p__Euryarchaeota|c__Methanomicrobia|o__Methanosarcinales|f__Methanosaetaceae|g__Methanosaeta|s__Methanosaeta_concilii|t__GCF_000204415	12.12653
k__Bacteria|p__Actinobacteria|c__Actinobacteria|o__Actinomycetales|f__Nocardioidaceae|g__Nocardioidaceae_noname|s__Nocardioidaceae_bacterium_Broad_1|t__GCF_000192415	5.42176
k__Bacteria|p__Proteobacteria|c__Gammaproteobacteria|o__Enterobacteriales|f__Enterobacteriaceae|g__Escherichia|s__Escherichia_coli|t__Escherichia_coli_unclassified	5.24513
k__Bacteria|p__Firmicutes|c__Clostridia|o__Clostridiales|f__Eubacteriaceae|g__Eubacterium|s__Eubacterium_rectale|t__Eubacterium_rectale_unclassified	3.73037
k__Bacteria|p__Proteobacteria|c__Deltaproteobacteria|o__Myxococcales|f__Polyangiaceae|g__Sorangium|s__Sorangium_cellulosum|t__Sorangium_cellulosum_unclassified	3.33603
k__Bacteria|p__Proteobacteria|c__Alphaproteobacteria|o__Rhizobiales|f__Bradyrhizobiaceae|g__Rhodopseudomonas|s__Rhodopseudomonas_palustris|t__Rhodopseudomonas_palustris_unclassified	3.11877
k__Bacteria|p__Firmicutes|c__Clostridia|o__Clostridiales|f__Lachnospiraceae|g__Blautia|s__Ruminococcus_obeum|t__Ruminococcus_obeum_unclassified	1.45942
k__Bacteria|p__Firmicutes|c__Clostridia|o__Clostridiales|f__Ruminococcaceae|g__Ruminococcus|s__Ruminococcus_bromii|t__GCF_000209875	0.69645
k__Bacteria|p__Firmicutes|c__Clostridia|o__Clostridiales|f__Ruminococcaceae|g__Faecalibacterium|s__Faecalibacterium_prausnitzii|t__Faecalibacterium_prausnitzii_unclassified	0.64718
k__Bacteria|p__Firmicutes|c__Clostridia|o__Clostridiales|f__Lachnospiraceae|g__Dorea|s__Dorea_longicatena|t__GCF_000154065	0.37862
